-------------------------------------------------------------------------------
Test set: com.proyecto.estancias.EstanciasApplicationTests
-------------------------------------------------------------------------------
Tests run: 1, Failures: 0, Errors: 1, Skipped: 0, Time elapsed: 7.918 s <<< FAILURE! - in com.proyecto.estancias.EstanciasApplicationTests
contextLoads  Time elapsed: 0.015 s  <<< ERROR!
java.lang.IllegalStateException: Failed to load ApplicationContext
Caused by: org.springframework.beans.factory.UnsatisfiedDependencyException: Error creating bean with name 'estanciaServicio': Unsatisfied dependency expressed through field 'estanciaRepositorio'; nested exception is org.springframework.beans.factory.BeanCreationException: Error creating bean with name 'repositorioEstancia' defined in com.proyecto.estancias.repositorios.RepositorioEstancia defined in @EnableJpaRepositories declared on JpaRepositoriesRegistrar.EnableJpaRepositoriesConfiguration: Invocation of init method failed; nested exception is org.springframework.data.repository.query.QueryCreationException: Could not create query for public abstract java.util.List com.proyecto.estancias.repositorios.RepositorioEstancia.ListarEstancias()! Reason: Validation failed for query for method public abstract java.util.List com.proyecto.estancias.repositorios.RepositorioEstancia.ListarEstancias()!; nested exception is java.lang.IllegalArgumentException: Validation failed for query for method public abstract java.util.List com.proyecto.estancias.repositorios.RepositorioEstancia.ListarEstancias()!
Caused by: org.springframework.beans.factory.BeanCreationException: Error creating bean with name 'repositorioEstancia' defined in com.proyecto.estancias.repositorios.RepositorioEstancia defined in @EnableJpaRepositories declared on JpaRepositoriesRegistrar.EnableJpaRepositoriesConfiguration: Invocation of init method failed; nested exception is org.springframework.data.repository.query.QueryCreationException: Could not create query for public abstract java.util.List com.proyecto.estancias.repositorios.RepositorioEstancia.ListarEstancias()! Reason: Validation failed for query for method public abstract java.util.List com.proyecto.estancias.repositorios.RepositorioEstancia.ListarEstancias()!; nested exception is java.lang.IllegalArgumentException: Validation failed for query for method public abstract java.util.List com.proyecto.estancias.repositorios.RepositorioEstancia.ListarEstancias()!
Caused by: org.springframework.data.repository.query.QueryCreationException: Could not create query for public abstract java.util.List com.proyecto.estancias.repositorios.RepositorioEstancia.ListarEstancias()! Reason: Validation failed for query for method public abstract java.util.List com.proyecto.estancias.repositorios.RepositorioEstancia.ListarEstancias()!; nested exception is java.lang.IllegalArgumentException: Validation failed for query for method public abstract java.util.List com.proyecto.estancias.repositorios.RepositorioEstancia.ListarEstancias()!
Caused by: java.lang.IllegalArgumentException: Validation failed for query for method public abstract java.util.List com.proyecto.estancias.repositorios.RepositorioEstancia.ListarEstancias()!
Caused by: java.lang.IllegalArgumentException: org.hibernate.hql.internal.ast.QuerySyntaxException: foto is not mapped [SELECT c FROM foto c]
Caused by: org.hibernate.hql.internal.ast.QuerySyntaxException: foto is not mapped [SELECT c FROM foto c]
Caused by: org.hibernate.hql.internal.ast.QuerySyntaxException: foto is not mapped

